Temp/gradleOut/build/outputs/logs/manifest-merger-debug-report.txt
-- Merging decision tree log ---
manifest
ADDED from src\main\AndroidManifest.xml:2:1-28:12
INJECTED from src\main\AndroidManifest.xml:2:1-28:12
INJECTED from src\main\AndroidManifest.xml:2:1-28:12
INJECTED from src\main\AndroidManifest.xml:2:1-28:12
MERGED from [:arcore_client:] AndroidManifest.xml:17:1-46:12
MERGED from [:arcore_rendering_utils:] AndroidManifest.xml:2:1-11:12
MERGED from [:arcore_unity:] AndroidManifest.xml:2:1-11:12
MERGED from [:google_ar_required:] AndroidManifest.xml:2:1-19:12
MERGED from [:unityandroidpermissions:] AndroidManifest.xml:6:1-15:12
MERGED from [:unitygar:] AndroidManifest.xml:2:1-11:12
MERGED from [:UnityThinkGear:] AndroidManifest.xml:2:1-33:12
MERGED from [:unity-android-resources] AndroidManifest.xml:2:1-9:12
INJECTED from src\main\AndroidManifest.xml:2:1-28:12
INJECTED from src\main\AndroidManifest.xml:2:1-28:12
INJECTED from src\main\AndroidManifest.xml:2:1-28:12
	package
		ADDED from src\main\AndroidManifest.xml:2:117-154
		INJECTED from src\main\AndroidManifest.xml
		INJECTED from src\main\AndroidManifest.xml
	android:versionName
		INJECTED from src\main\AndroidManifest.xml
		ADDED from src\main\AndroidManifest.xml:2:1-28:12
		INJECTED from src\main\AndroidManifest.xml
	xmlns:tools
		ADDED from src\main\AndroidManifest.xml:2:70-116
	android:versionCode
		INJECTED from src\main\AndroidManifest.xml
		ADDED from src\main\AndroidManifest.xml:2:1-28:12
		INJECTED from src\main\AndroidManifest.xml
	xmlns:android
		ADDED from src\main\AndroidManifest.xml:2:11-69
	android:installLocation
		ADDED from src\main\AndroidManifest.xml:2:155-195
uses-permission#android.permission.BLUETOOTH
ADDED from src\main\AndroidManifest.xml:3:3-66
MERGED from [:UnityThinkGear:] AndroidManifest.xml:11:5-68
MERGED from [:UnityThinkGear:] AndroidManifest.xml:11:5-68
	android:name
		ADDED from src\main\AndroidManifest.xml:3:20-63
uses-permission#android.permission.WAKE_LOCK
ADDED from src\main\AndroidManifest.xml:4:3-66
MERGED from [:UnityThinkGear:] AndroidManifest.xml:12:5-68
MERGED from [:UnityThinkGear:] AndroidManifest.xml:12:5-68
	android:name
		ADDED from src\main\AndroidManifest.xml:4:20-63
uses-permission#android.permission.WRITE_EXTERNAL_STORAGE
ADDED from src\main\AndroidManifest.xml:5:3-79
MERGED from [:UnityThinkGear:] AndroidManifest.xml:13:5-81
MERGED from [:UnityThinkGear:] AndroidManifest.xml:13:5-81
	android:name
		ADDED from src\main\AndroidManifest.xml:5:20-76
application
ADDED from src\main\AndroidManifest.xml:6:3-20:17
MERGED from [:arcore_client:] AndroidManifest.xml:30:5-44:19
MERGED from [:arcore_client:] AndroidManifest.xml:30:5-44:19
MERGED from [:google_ar_required:] AndroidManifest.xml:13:5-17:19
MERGED from [:google_ar_required:] AndroidManifest.xml:13:5-17:19
MERGED from [:UnityThinkGear:] AndroidManifest.xml:15:5-31:19
MERGED from [:UnityThinkGear:] AndroidManifest.xml:15:5-31:19
	android:supportsRtl
		ADDED from src\main\AndroidManifest.xml:6:106-132
	android:label
		ADDED from src\main\AndroidManifest.xml:6:73-105
	android:icon
		ADDED from src\main\AndroidManifest.xml:6:43-72
		REJECTED from [:UnityThinkGear:] AndroidManifest.xml:17:9-43
	android:allowBackup
		ADDED from src\main\AndroidManifest.xml:6:16-42
	android:banner
		ADDED from src\main\AndroidManifest.xml:6:184-221
	tools:replace
		ADDED from src\main\AndroidManifest.xml:6:133-161
	android:isGame
		ADDED from src\main\AndroidManifest.xml:6:162-183
activity#com.neurosky.mindgame.UnityThinkGear
ADDED from src\main\AndroidManifest.xml:7:5-14:16
MERGED from [:UnityThinkGear:] AndroidManifest.xml:20:9-30:20
MERGED from [:UnityThinkGear:] AndroidManifest.xml:20:9-30:20
	android:screenOrientation
		ADDED from src\main\AndroidManifest.xml:7:67-105
	android:launchMode
		ADDED from src\main\AndroidManifest.xml:7:106-137
	android:hardwareAccelerated
		ADDED from src\main\AndroidManifest.xml:7:320-355
	android:configChanges
		ADDED from src\main\AndroidManifest.xml:7:138-319
	android:name
		ADDED from src\main\AndroidManifest.xml:7:15-66
intent-filter#action:name:android.intent.action.MAIN+category:name:android.intent.category.LAUNCHER+category:name:android.intent.category.LEANBACK_LAUNCHER
ADDED from src\main\AndroidManifest.xml:8:7-12:23
action#android.intent.action.MAIN
ADDED from src\main\AndroidManifest.xml:9:9-61
	android:name
		ADDED from src\main\AndroidManifest.xml:9:17-58
category#android.intent.category.LAUNCHER
ADDED from src\main\AndroidManifest.xml:10:9-69
	android:name
		ADDED from src\main\AndroidManifest.xml:10:19-66
category#android.intent.category.LEANBACK_LAUNCHER
ADDED from src\main\AndroidManifest.xml:11:9-78
	android:name
		ADDED from src\main\AndroidManifest.xml:11:19-75
meta-data#unityplayer.UnityActivity
ADDED from src\main\AndroidManifest.xml:13:7-82
MERGED from [:UnityThinkGear:] AndroidManifest.xml:27:13-29:40
MERGED from [:UnityThinkGear:] AndroidManifest.xml:27:13-29:40
	android:value
		ADDED from src\main\AndroidManifest.xml:13:59-79
	android:name
		ADDED from src\main\AndroidManifest.xml:13:18-58
meta-data#unity.tango-enable
ADDED from src\main\AndroidManifest.xml:15:5-73
	android:value
		ADDED from src\main\AndroidManifest.xml:15:50-70
	android:name
		ADDED from src\main\AndroidManifest.xml:15:16-49
meta-data#unityplayer.SkipPermissionsDialog
ADDED from src\main\AndroidManifest.xml:16:5-88
	android:value
		ADDED from src\main\AndroidManifest.xml:16:65-85
	android:name
		ADDED from src\main\AndroidManifest.xml:16:16-64
meta-data#unity.build-id
ADDED from src\main\AndroidManifest.xml:17:5-101
	android:value
		ADDED from src\main\AndroidManifest.xml:17:46-98
	android:name
		ADDED from src\main\AndroidManifest.xml:17:16-45
meta-data#unity.splash-mode
ADDED from src\main\AndroidManifest.xml:18:5-69
	android:value
		ADDED from src\main\AndroidManifest.xml:18:49-66
	android:name
		ADDED from src\main\AndroidManifest.xml:18:16-48
meta-data#unity.splash-enable
ADDED from src\main\AndroidManifest.xml:19:5-74
	android:value
		ADDED from src\main\AndroidManifest.xml:19:51-71
	android:name
		ADDED from src\main\AndroidManifest.xml:19:16-50
uses-feature#0x00020000
ADDED from src\main\AndroidManifest.xml:21:3-52
	android:glEsVersion
		ADDED from src\main\AndroidManifest.xml:21:17-49
uses-permission#android.permission.CAMERA
ADDED from src\main\AndroidManifest.xml:22:3-63
	android:name
		ADDED from src\main\AndroidManifest.xml:22:20-60
uses-permission#android.permission.INTERNET
ADDED from src\main\AndroidManifest.xml:23:3-65
	android:name
		ADDED from src\main\AndroidManifest.xml:23:20-62
uses-permission#android.permission.READ_EXTERNAL_STORAGE
ADDED from src\main\AndroidManifest.xml:24:3-105
	android:maxSdkVersion
		ADDED from src\main\AndroidManifest.xml:24:76-102
	android:name
		ADDED from src\main\AndroidManifest.xml:24:20-75
uses-feature#android.hardware.touchscreen
ADDED from src\main\AndroidManifest.xml:25:3-88
	android:required
		ADDED from src\main\AndroidManifest.xml:25:61-85
	android:name
		ADDED from src\main\AndroidManifest.xml:25:17-60
uses-feature#android.hardware.touchscreen.multitouch
ADDED from src\main\AndroidManifest.xml:26:3-99
	android:required
		ADDED from src\main\AndroidManifest.xml:26:72-96
	android:name
		ADDED from src\main\AndroidManifest.xml:26:17-71
uses-feature#android.hardware.touchscreen.multitouch.distinct
ADDED from src\main\AndroidManifest.xml:27:3-108
	android:required
		ADDED from src\main\AndroidManifest.xml:27:81-105
	android:name
		ADDED from src\main\AndroidManifest.xml:27:17-80
uses-sdk
INJECTED from src\main\AndroidManifest.xml reason: use-sdk injection requested
INJECTED from src\main\AndroidManifest.xml
INJECTED from src\main\AndroidManifest.xml
MERGED from [:arcore_client:] AndroidManifest.xml:26:5-28:41
MERGED from [:arcore_client:] AndroidManifest.xml:26:5-28:41
MERGED from [:arcore_rendering_utils:] AndroidManifest.xml:7:5-9:41
MERGED from [:arcore_rendering_utils:] AndroidManifest.xml:7:5-9:41
MERGED from [:arcore_unity:] AndroidManifest.xml:7:5-9:41
MERGED from [:arcore_unity:] AndroidManifest.xml:7:5-9:41
MERGED from [:google_ar_required:] AndroidManifest.xml:7:5-44
MERGED from [:google_ar_required:] AndroidManifest.xml:7:5-44
MERGED from [:unityandroidpermissions:] AndroidManifest.xml:11:5-13:41
MERGED from [:unityandroidpermissions:] AndroidManifest.xml:11:5-13:41
MERGED from [:unitygar:] AndroidManifest.xml:7:5-9:41
MERGED from [:unitygar:] AndroidManifest.xml:7:5-9:41
MERGED from [:UnityThinkGear:] AndroidManifest.xml:7:5-9:41
MERGED from [:UnityThinkGear:] AndroidManifest.xml:7:5-9:41
MERGED from [:unity-android-resources] AndroidManifest.xml:7:5-47
MERGED from [:unity-android-resources] AndroidManifest.xml:7:5-47
INJECTED from src\main\AndroidManifest.xml
INJECTED from src\main\AndroidManifest.xml
	android:targetSdkVersion
		INJECTED from src\main\AndroidManifest.xml
		ADDED from src\main\AndroidManifest.xml
		INJECTED from src\main\AndroidManifest.xml
	android:minSdkVersion
		INJECTED from src\main\AndroidManifest.xml
		ADDED from src\main\AndroidManifest.xml
		MERGED from src\main\AndroidManifest.xml
		INJECTED from src\main\AndroidManifest.xml
meta-data#com.google.ar.core.min_apk_version
ADDED from [:arcore_client:] AndroidManifest.xml:33:9-35:41
	android:value
		ADDED from [:arcore_client:] AndroidManifest.xml:35:13-38
	android:name
		ADDED from [:arcore_client:] AndroidManifest.xml:34:13-62
activity#com.google.ar.core.InstallActivity
ADDED from [:arcore_client:] AndroidManifest.xml:37:9-43:80
	android:excludeFromRecents
		ADDED from [:arcore_client:] AndroidManifest.xml:40:13-46
	android:launchMode
		ADDED from [:arcore_client:] AndroidManifest.xml:42:13-43
	android:exported
		ADDED from [:arcore_client:] AndroidManifest.xml:41:13-37
	android:configChanges
		ADDED from [:arcore_client:] AndroidManifest.xml:39:13-74
	android:theme
		ADDED from [:arcore_client:] AndroidManifest.xml:43:13-77
	android:name
		ADDED from [:arcore_client:] AndroidManifest.xml:38:13-62
uses-feature#android.hardware.camera.ar
ADDED from [:google_ar_required:] AndroidManifest.xml:9:5-11:35
	android:required
		ADDED from [:google_ar_required:] AndroidManifest.xml:11:9-32
	android:name
		ADDED from [:google_ar_required:] AndroidManifest.xml:10:9-50
meta-data#com.google.ar.core
ADDED from [:google_ar_required:] AndroidManifest.xml:14:9-16:40
	android:value
		ADDED from [:google_ar_required:] AndroidManifest.xml:16:13-37
	android:name
		ADDED from [:google_ar_required:] AndroidManifest.xml:15:13-46
intent-filter#action:name:android.intent.action.MAIN+category:name:android.intent.category.LAUNCHER
ADDED from [:UnityThinkGear:] AndroidManifest.xml:21:13-25:29